2018-06-27 09:01:47 Notice: Notice (8): Undefined index: Roles in [D:\xampp\htdocs\CarromScoringSheet\vendor\cakephp\bake\src\View\Helper\DocBlockHelper.php, line 238]
Trace:
Cake\Error\BaseErrorHandler::handleError() - CORE\src\Error\BaseErrorHandler.php, line 159
Bake\View\Helper\DocBlockHelper::buildTableAnnotations() - ROOT\vendor\cakephp\bake\src\View\Helper\DocBlockHelper.php, line 238
Twig_Template::getAttribute() - ROOT\vendor\twig\twig\lib\Twig\Template.php, line 679
__TwigTemplate_e8aa2bf3229e8f14ef20f0ab069660e14bdec2f4e0788c7fdaf539bfa724c104::doDisplay() - ROOT\tmp\cache\twigView\8c\8c09ed11c7a123201311a41077fe5c516d964bf1174bc5e39bb940671d1f7da4.php, line 22
Twig_Template::displayWithErrorHandling() - ROOT\vendor\twig\twig\lib\Twig\Template.php, line 432
Twig_Template::display() - ROOT\vendor\twig\twig\lib\Twig\Template.php, line 403
Twig_Template::render() - ROOT\vendor\twig\twig\lib\Twig\Template.php, line 411
WyriHaximus\TwigView\View\TwigView::_render() - ROOT\vendor\wyrihaximus\twig-view\src\View\TwigView.php, line 180
Bake\View\BakeView::render() - ROOT\vendor\cakephp\bake\src\View\BakeView.php, line 146
Bake\Shell\Task\BakeTemplateTask::generate() - ROOT\vendor\cakephp\bake\src\Shell\Task\BakeTemplateTask.php, line 91
Bake\Shell\Task\ModelTask::bakeTable() - ROOT\vendor\cakephp\bake\src\Shell\Task\ModelTask.php, line 956
Bake\Shell\Task\ModelTask::bake() - ROOT\vendor\cakephp\bake\src\Shell\Task\ModelTask.php, line 114
Bake\Shell\Task\ModelTask::main() - ROOT\vendor\cakephp\bake\src\Shell\Task\ModelTask.php, line 100
Cake\Console\Shell::runCommand() - CORE\src\Console\Shell.php, line 532
Cake\Console\Shell::runCommand() - CORE\src\Console\Shell.php, line 525
Cake\Console\CommandRunner::runShell() - CORE\src\Console\CommandRunner.php, line 342
Cake\Console\CommandRunner::run() - CORE\src\Console\CommandRunner.php, line 164
[main] - ROOT\bin\cake.php, line 12



